2017/08/20 23:22:25 にビルドを開始しました。
     1>ノード 2 上のプロジェクト "C:\Users\squeeze\Documents\VC++2015入門\保存用\DiceGame\DiceGame\DiceGame.vcxproj" (Build ターゲット)。
     1>ClCompile:
         C:\Program Files (x86)\Microsoft Visual Studio 14.0\VC\bin\CL.exe /c /AI"C:\Program Files (x86)\Reference Assemblies\Microsoft\Framework\.NETFramework\v4.6.1\\" /AI"C:\Program Files (x86)\Windows Kits\8.1\References\CommonConfiguration\Neutral" /AI"C:\Program Files (x86)\Reference Assemblies\Microsoft\Framework\.NETFramework\v4.6.1\Facades\\" /Zi /clr /nologo /W3 /WX- /O2 /Oy- /D WIN32 /D NDEBUG /D _UNICODE /D UNICODE /EHa /MD /GS /fp:precise /Zc:wchar_t /Zc:forScope /Zc:inline /Fo"Release\\" /Fd"Release\vc140.pdb" /TP /FU"C:\Program Files (x86)\Reference Assemblies\Microsoft\Framework\.NETFramework\v4.6.1\mscorlib.dll" /FU"C:\Program Files (x86)\Reference Assemblies\Microsoft\Framework\.NETFramework\v4.6.1\System.Data.dll" /FU"C:\Program Files (x86)\Reference Assemblies\Microsoft\Framework\.NETFramework\v4.6.1\System.dll" /FU"C:\Program Files (x86)\Reference Assemblies\Microsoft\Framework\.NETFramework\v4.6.1\System.Drawing.dll" /FU"C:\Program Files (x86)\Reference Assemblies\Microsoft\Framework\.NETFramework\v4.6.1\System.Windows.Forms.dll" /FU"C:\Program Files (x86)\Reference Assemblies\Microsoft\Framework\.NETFramework\v4.6.1\System.Xml.dll" /analyze- /errorReport:prompt /clr:nostdlib Dice.cpp FormOption.cpp FormScore.cpp MyForm.cpp
         Dice.cpp
         FormOption.cpp
         FormScore.cpp
         MyForm.cpp
         コードを生成中...
         C:\Program Files (x86)\Microsoft Visual Studio 14.0\VC\bin\CL.exe /c /Zi /clr /nologo /W3 /WX- /O2 /Oy- /D WIN32 /D NDEBUG /D _UNICODE /D UNICODE /EHa /MD /GS /fp:precise /Zc:wchar_t /Zc:forScope /Zc:inline /Fp"Release\DiceGame.pch" /Fa"Release\\" /Fo"Release\\" /Fd"Release\vc140.pdb" /analyze- /errorReport:prompt "C:\Users\squeeze\AppData\Local\Temp\.NETFramework,Version=v4.6.1.AssemblyAttributes.cpp"
         .NETFramework,Version=v4.6.1.AssemblyAttributes.cpp
       Link:
         C:\Program Files (x86)\Microsoft Visual Studio 14.0\VC\bin\link.exe /ERRORREPORT:PROMPT /OUT:"C:\Users\squeeze\Documents\VC++2015入門\保存用\DiceGame\Release\DiceGame.exe" /INCREMENTAL:NO /NOLOGO /ASSEMBLYRESOURCE:Release\DiceGame.FormOption.resources /ASSEMBLYRESOURCE:Release\DiceGame.FormScore.resources /ASSEMBLYRESOURCE:Release\DiceGame.MyForm.resources /MANIFEST /MANIFESTUAC:"level='asInvoker' uiAccess='false'" /manifest:embed /DEBUG /PDB:"C:\Users\squeeze\Documents\VC++2015入門\保存用\DiceGame\Release\DiceGame.pdb" /TLBID:1 /DYNAMICBASE /FIXED:NO /NXCOMPAT /MACHINE:X86 /SAFESEH Release\Dice.obj
         Release\FormOption.obj
         Release\FormScore.obj
         Release\MyForm.obj
         "Release\.NETFramework,Version=v4.6.1.AssemblyAttributes.obj"
         DiceGame.vcxproj -> C:\Users\squeeze\Documents\VC++2015入門\保存用\DiceGame\Release\DiceGame.exe
     1>プロジェクト "C:\Users\squeeze\Documents\VC++2015入門\保存用\DiceGame\DiceGame\DiceGame.vcxproj" (Build ターゲット) のビルドが完了しました。

ビルドに成功しました。

経過時間 00:00:04.29
