c:\users\squeeze\documents\vc++2015入門\保存用\dicegame\dicegame\debug\vc140.pdb
c:\users\squeeze\documents\vc++2015入門\保存用\dicegame\dicegame\debug\myform.obj
c:\users\squeeze\documents\vc++2015入門\保存用\dicegame\dicegame\debug\dice.obj
c:\users\squeeze\documents\vc++2015入門\保存用\dicegame\dicegame\debug\.netframework,version=v4.6.1.assemblyattributes.obj
c:\users\squeeze\documents\vc++2015入門\保存用\dicegame\dicegame\debug\.netframework,version=v4.6.1.assemblyattributes.asm
c:\users\squeeze\documents\vc++2015入門\保存用\dicegame\dicegame\debug\dicegame.myform.resources
c:\users\squeeze\documents\vc++2015入門\保存用\dicegame\debug\dicegame.exe
c:\users\squeeze\documents\vc++2015入門\保存用\dicegame\debug\dicegame.pdb
c:\users\squeeze\documents\vc++2015入門\保存用\dicegame\dicegame\debug\dicegame.vcxproj.generateresource.cache
c:\users\squeeze\documents\vc++2015入門\保存用\dicegame\dicegame\debug\dicegame.vcxprojresolveassemblyreference.cache
c:\users\squeeze\documents\vc++2015入門\保存用\dicegame\dicegame\debug\dicegame.tlog\cl.command.1.tlog
c:\users\squeeze\documents\vc++2015入門\保存用\dicegame\dicegame\debug\dicegame.tlog\cl.read.1.tlog
c:\users\squeeze\documents\vc++2015入門\保存用\dicegame\dicegame\debug\dicegame.tlog\cl.write.1.tlog
c:\users\squeeze\documents\vc++2015入門\保存用\dicegame\dicegame\debug\dicegame.tlog\dicegame.write.1u.tlog
c:\users\squeeze\documents\vc++2015入門\保存用\dicegame\dicegame\debug\dicegame.tlog\link.command.1.tlog
c:\users\squeeze\documents\vc++2015入門\保存用\dicegame\dicegame\debug\dicegame.tlog\link.read.1.tlog
c:\users\squeeze\documents\vc++2015入門\保存用\dicegame\dicegame\debug\dicegame.tlog\link.write.1.tlog
c:\users\squeeze\documents\vc++2015入門\保存用\dicegame\dicegame\debug\dicegame.tlog\metagen.read.1.tlog
c:\users\squeeze\documents\vc++2015入門\保存用\dicegame\dicegame\debug\dicegame.tlog\metagen.write.1.tlog
c:\users\squeeze\documents\vc++2015入門\保存用\dicegame\dicegame\debug\dicegame.tlog\rsaenh.dll.bi
c:\users\squeeze\documents\vc++2015入門\保存用\dicegame\dicegame\debug\dicegame.tlog\tzres.dll.bi
